C:\USERS\LENOVO\DESKTOP\1027SERVER\1027SERVER\DEBUG\TCPNET.OBJ
C:\USERS\LENOVO\DESKTOP\1027SERVER\1027SERVER\DEBUG\VC110.PDB
C:\USERS\LENOVO\DESKTOP\1027SERVER\1027SERVER\DEBUG\TCPKERNEL.OBJ
C:\USERS\LENOVO\DESKTOP\1027SERVER\1027SERVER\DEBUG\CMYSQL.OBJ
C:\USERS\LENOVO\DESKTOP\1027SERVER\1027SERVER\DEBUG\MAIN.OBJ
C:\Users\lenovo\Desktop\1027Server\1027Server\Debug\CMySql.obj
C:\Users\lenovo\Desktop\1027Server\1027Server\Debug\main.obj
C:\Users\lenovo\Desktop\1027Server\1027Server\Debug\TCPKernel.obj
C:\Users\lenovo\Desktop\1027Server\1027Server\Debug\TCPNet.obj
C:\Users\lenovo\Desktop\1027Server\1027Server\Debug\cl.command.1.tlog
C:\Users\lenovo\Desktop\1027Server\1027Server\Debug\CL.read.1.tlog
C:\Users\lenovo\Desktop\1027Server\1027Server\Debug\CL.write.1.tlog
C:\Users\lenovo\Desktop\1027Server\1027Server\Debug\link-cvtres.read.1.tlog
C:\Users\lenovo\Desktop\1027Server\1027Server\Debug\link-cvtres.write.1.tlog
C:\Users\lenovo\Desktop\1027Server\1027Server\Debug\link-rc.read.1.tlog
C:\Users\lenovo\Desktop\1027Server\1027Server\Debug\link-rc.write.1.tlog
C:\Users\lenovo\Desktop\1027Server\1027Server\Debug\link.command.1.tlog
C:\Users\lenovo\Desktop\1027Server\1027Server\Debug\link.read.1.tlog
C:\Users\lenovo\Desktop\1027Server\1027Server\Debug\link.write.1.tlog
C:\Users\lenovo\Desktop\1027Server\1027Server\Debug\vc110.idb
C:\Users\lenovo\Desktop\1027Server\1027Server\Debug\vc110.pdb
C:\Users\lenovo\Desktop\1027Server\Debug\1027Server.pdb
